"2025-09-15 02:31:03,247 INFO  [main] com.example.school_management_backend.SchoolManagementBackendApplication:Starting SchoolManagementBackendApplication using Java 21.0.2 with PID 19748 (C:\Users\suleyman\OneDrive\Masaüstü\my projects\school-management\school-management-backend\school-management-backend\target\classes started by suleyman in C:\Users\suleyman\OneDrive\Masaüstü\my projects\school-management\school-management-backend)
""2025-09-15 02:31:03,250 INFO  [main] com.example.school_management_backend.SchoolManagementBackendApplication:No active profile set, falling back to 1 default profile: "default"
""2025-09-15 02:31:04,137 INFO  [main] org.springframework.data.repository.config.RepositoryConfigurationDelegate:Bootstrapping Spring Data JPA repositories in DEFAULT mode.
""2025-09-15 02:31:04,210 INFO  [main] org.springframework.data.repository.config.RepositoryConfigurationDelegate:Finished Spring Data repository scanning in 58 ms. Found 1 JPA repository interface.
""2025-09-15 02:31:04,974 INFO  [main] org.springframework.boot.web.embedded.tomcat.TomcatWebServer:Tomcat initialized with port 8080 (http)
""2025-09-15 02:31:04,995 INFO  [main] org.apache.catalina.core.StandardService:Starting service [Tomcat]
""2025-09-15 02:31:04,995 INFO  [main] org.apache.catalina.core.StandardEngine:Starting Servlet engine: [Apache Tomcat/10.1.44]
""2025-09-15 02:31:05,093 INFO  [main] org.apache.catalina.core.ContainerBase.[Tomcat].[localhost].[/]:Initializing Spring embedded WebApplicationContext
""2025-09-15 02:31:05,094 INFO  [main] org.springframework.boot.web.servlet.context.ServletWebServerApplicationContext:Root WebApplicationContext: initialization completed in 1784 ms
""2025-09-15 02:31:05,286 INFO  [main] org.hibernate.jpa.internal.util.LogHelper:HHH000204: Processing PersistenceUnitInfo [name: default]
""2025-09-15 02:31:05,377 INFO  [main] org.hibernate.Version:HHH000412: Hibernate ORM core version 6.6.26.Final
""2025-09-15 02:31:05,430 INFO  [main] org.hibernate.cache.internal.RegionFactoryInitiator:HHH000026: Second-level cache disabled
""2025-09-15 02:31:05,827 INFO  [main] org.springframework.orm.jpa.persistenceunit.SpringPersistenceUnitInfo:No LoadTimeWeaver setup: ignoring JPA class transformer
""2025-09-15 02:31:05,870 INFO  [main] com.zaxxer.hikari.HikariDataSource:HikariPool-1 - Starting...
""2025-09-15 02:31:06,154 INFO  [main] com.zaxxer.hikari.pool.HikariPool:HikariPool-1 - Added connection org.postgresql.jdbc.PgConnection@1584c019
""2025-09-15 02:31:06,156 INFO  [main] com.zaxxer.hikari.HikariDataSource:HikariPool-1 - Start completed.
""2025-09-15 02:31:06,221 WARN  [main] org.hibernate.orm.deprecation:HHH90000025: PostgreSQLDialect does not need to be specified explicitly using 'hibernate.dialect' (remove the property setting and it will be selected by default)
""2025-09-15 02:31:06,250 INFO  [main] org.hibernate.orm.connections.pooling:HHH10001005: Database info:
	Database JDBC URL [Connecting through datasource 'HikariDataSource (HikariPool-1)']
	Database driver: undefined/unknown
	Database version: 15.5
	Autocommit mode: undefined/unknown
	Isolation level: undefined/unknown
	Minimum pool size: undefined/unknown
	Maximum pool size: undefined/unknown
""2025-09-15 02:31:07,202 INFO  [main] org.hibernate.engine.transaction.jta.platform.internal.JtaPlatformInitiator:HHH000489: No JTA platform available (set 'hibernate.transaction.jta.platform' to enable JTA platform integration)
""2025-09-15 02:31:07,342 WARN  [main] org.hibernate.engine.jdbc.spi.SqlExceptionHelper:SQL Warning Code: 0, SQLState: 00000
""2025-09-15 02:31:07,342 WARN  [main] org.hibernate.engine.jdbc.spi.SqlExceptionHelper:constraint "uk6dotkott2kjsp8vw4d0m25fb7" of relation "users" does not exist, skipping
""2025-09-15 02:31:07,350 INFO  [main] org.springframework.orm.jpa.LocalContainerEntityManagerFactoryBean:Initialized JPA EntityManagerFactory for persistence unit 'default'
""2025-09-15 02:31:07,868 INFO  [main] org.springframework.security.config.annotation.authentication.configuration.InitializeUserDetailsBeanManagerConfigurer$InitializeUserDetailsManagerConfigurer:Global AuthenticationManager configured with UserDetailsService bean with name customUserDetailsService
""2025-09-15 02:31:07,897 WARN  [main] org.springframework.boot.autoconfigure.orm.jpa.JpaBaseConfiguration$JpaWebConfiguration:spring.jpa.open-in-view is enabled by default. Therefore, database queries may be performed during view rendering. Explicitly configure spring.jpa.open-in-view to disable this warning
""2025-09-15 02:31:08,638 INFO  [main] org.springframework.boot.web.embedded.tomcat.TomcatWebServer:Tomcat started on port 8080 (http) with context path '/'
""2025-09-15 02:31:08,647 INFO  [main] com.example.school_management_backend.SchoolManagementBackendApplication:Started SchoolManagementBackendApplication in 6.0 seconds (process running for 6.499)
""2025-09-15 02:31:59,198 INFO  [SpringApplicationShutdownHook] org.springframework.boot.web.embedded.tomcat.GracefulShutdown:Commencing graceful shutdown. Waiting for active requests to complete
""2025-09-15 02:31:59,218 INFO  [tomcat-shutdown] org.springframework.boot.web.embedded.tomcat.GracefulShutdown:Graceful shutdown complete
""2025-09-15 02:31:59,223 INFO  [SpringApplicationShutdownHook] org.springframework.orm.jpa.LocalContainerEntityManagerFactoryBean:Closing JPA EntityManagerFactory for persistence unit 'default'
""2025-09-15 02:31:59,226 INFO  [SpringApplicationShutdownHook] com.zaxxer.hikari.HikariDataSource:HikariPool-1 - Shutdown initiated...
""2025-09-15 02:31:59,229 INFO  [SpringApplicationShutdownHook] com.zaxxer.hikari.HikariDataSource:HikariPool-1 - Shutdown completed.
""2025-09-15 02:34:51,583 INFO  [main] com.example.school_management_backend.SchoolManagementBackendApplication:Starting SchoolManagementBackendApplication using Java 21.0.2 with PID 34052 (C:\Users\suleyman\OneDrive\Masaüstü\my projects\school-management\school-management-backend\school-management-backend\target\classes started by suleyman in C:\Users\suleyman\OneDrive\Masaüstü\my projects\school-management\school-management-backend)
""2025-09-15 02:34:51,587 INFO  [main] com.example.school_management_backend.SchoolManagementBackendApplication:No active profile set, falling back to 1 default profile: "default"
""2025-09-15 02:34:52,663 INFO  [main] org.springframework.data.repository.config.RepositoryConfigurationDelegate:Bootstrapping Spring Data JPA repositories in DEFAULT mode.
""2025-09-15 02:34:52,767 INFO  [main] org.springframework.data.repository.config.RepositoryConfigurationDelegate:Finished Spring Data repository scanning in 84 ms. Found 1 JPA repository interface.
""2025-09-15 02:34:53,511 INFO  [main] org.springframework.boot.web.embedded.tomcat.TomcatWebServer:Tomcat initialized with port 8080 (http)
""2025-09-15 02:34:53,529 INFO  [main] org.apache.catalina.core.StandardService:Starting service [Tomcat]
""2025-09-15 02:34:53,529 INFO  [main] org.apache.catalina.core.StandardEngine:Starting Servlet engine: [Apache Tomcat/10.1.44]
""2025-09-15 02:34:53,619 INFO  [main] org.apache.catalina.core.ContainerBase.[Tomcat].[localhost].[/]:Initializing Spring embedded WebApplicationContext
""2025-09-15 02:34:53,620 INFO  [main] org.springframework.boot.web.servlet.context.ServletWebServerApplicationContext:Root WebApplicationContext: initialization completed in 1953 ms
""2025-09-15 02:34:53,850 INFO  [main] org.hibernate.jpa.internal.util.LogHelper:HHH000204: Processing PersistenceUnitInfo [name: default]
""2025-09-15 02:34:53,948 INFO  [main] org.hibernate.Version:HHH000412: Hibernate ORM core version 6.6.26.Final
""2025-09-15 02:34:54,010 INFO  [main] org.hibernate.cache.internal.RegionFactoryInitiator:HHH000026: Second-level cache disabled
""2025-09-15 02:34:54,432 INFO  [main] org.springframework.orm.jpa.persistenceunit.SpringPersistenceUnitInfo:No LoadTimeWeaver setup: ignoring JPA class transformer
""2025-09-15 02:34:54,479 INFO  [main] com.zaxxer.hikari.HikariDataSource:HikariPool-1 - Starting...
""2025-09-15 02:34:54,745 INFO  [main] com.zaxxer.hikari.pool.HikariPool:HikariPool-1 - Added connection org.postgresql.jdbc.PgConnection@3973b6d4
""2025-09-15 02:34:54,747 INFO  [main] com.zaxxer.hikari.HikariDataSource:HikariPool-1 - Start completed.
""2025-09-15 02:34:54,799 WARN  [main] org.hibernate.orm.deprecation:HHH90000025: PostgreSQLDialect does not need to be specified explicitly using 'hibernate.dialect' (remove the property setting and it will be selected by default)
""2025-09-15 02:34:54,824 INFO  [main] org.hibernate.orm.connections.pooling:HHH10001005: Database info:
	Database JDBC URL [Connecting through datasource 'HikariDataSource (HikariPool-1)']
	Database driver: undefined/unknown
	Database version: 15.5
	Autocommit mode: undefined/unknown
	Isolation level: undefined/unknown
	Minimum pool size: undefined/unknown
	Maximum pool size: undefined/unknown
""2025-09-15 02:34:55,762 INFO  [main] org.hibernate.engine.transaction.jta.platform.internal.JtaPlatformInitiator:HHH000489: No JTA platform available (set 'hibernate.transaction.jta.platform' to enable JTA platform integration)
""2025-09-15 02:34:55,822 INFO  [main] org.springframework.orm.jpa.LocalContainerEntityManagerFactoryBean:Initialized JPA EntityManagerFactory for persistence unit 'default'
""2025-09-15 02:34:56,329 INFO  [main] org.springframework.security.config.annotation.authentication.configuration.InitializeUserDetailsBeanManagerConfigurer$InitializeUserDetailsManagerConfigurer:Global AuthenticationManager configured with UserDetailsService bean with name customUserDetailsService
""2025-09-15 02:34:56,354 WARN  [main] org.springframework.boot.autoconfigure.orm.jpa.JpaBaseConfiguration$JpaWebConfiguration:spring.jpa.open-in-view is enabled by default. Therefore, database queries may be performed during view rendering. Explicitly configure spring.jpa.open-in-view to disable this warning
""2025-09-15 02:34:57,034 INFO  [main] org.springframework.boot.web.embedded.tomcat.TomcatWebServer:Tomcat started on port 8080 (http) with context path '/'
""2025-09-15 02:34:57,044 INFO  [main] com.example.school_management_backend.SchoolManagementBackendApplication:Started SchoolManagementBackendApplication in 6.005 seconds (process running for 6.498)
""2025-09-15 02:38:20,613 INFO  [http-nio-8080-exec-2] org.apache.catalina.core.ContainerBase.[Tomcat].[localhost].[/]:Initializing Spring DispatcherServlet 'dispatcherServlet'
""2025-09-15 02:48:41,504 INFO  [SpringApplicationShutdownHook] org.springframework.boot.web.embedded.tomcat.GracefulShutdown:Commencing graceful shutdown. Waiting for active requests to complete
""2025-09-15 02:48:41,544 INFO  [tomcat-shutdown] org.springframework.boot.web.embedded.tomcat.GracefulShutdown:Graceful shutdown complete
""2025-09-15 02:48:41,569 INFO  [SpringApplicationShutdownHook] org.springframework.orm.jpa.LocalContainerEntityManagerFactoryBean:Closing JPA EntityManagerFactory for persistence unit 'default'
""2025-09-15 02:48:41,593 INFO  [SpringApplicationShutdownHook] com.zaxxer.hikari.HikariDataSource:HikariPool-1 - Shutdown initiated...
""2025-09-15 02:48:41,624 INFO  [SpringApplicationShutdownHook] com.zaxxer.hikari.HikariDataSource:HikariPool-1 - Shutdown completed.
""2025-09-15 04:05:23,623 INFO  [main] com.example.school_management_backend.SchoolManagementBackendApplication:Starting SchoolManagementBackendApplication using Java 21.0.2 with PID 17588 (C:\Users\suleyman\OneDrive\Masaüstü\my projects\school-management\school-management-backend\school-management-backend\target\classes started by suleyman in C:\Users\suleyman\OneDrive\Masaüstü\my projects\school-management\school-management-backend)
""2025-09-15 04:05:23,626 INFO  [main] com.example.school_management_backend.SchoolManagementBackendApplication:No active profile set, falling back to 1 default profile: "default"
""2025-09-15 04:05:24,600 INFO  [main] org.springframework.data.repository.config.RepositoryConfigurationDelegate:Bootstrapping Spring Data JPA repositories in DEFAULT mode.
""2025-09-15 04:05:24,687 INFO  [main] org.springframework.data.repository.config.RepositoryConfigurationDelegate:Finished Spring Data repository scanning in 69 ms. Found 1 JPA repository interface.
""2025-09-15 04:05:25,693 INFO  [main] org.springframework.boot.web.embedded.tomcat.TomcatWebServer:Tomcat initialized with port 8080 (http)
""2025-09-15 04:05:25,718 INFO  [main] org.apache.catalina.core.StandardService:Starting service [Tomcat]
""2025-09-15 04:05:25,718 INFO  [main] org.apache.catalina.core.StandardEngine:Starting Servlet engine: [Apache Tomcat/10.1.44]
""2025-09-15 04:05:25,806 INFO  [main] org.apache.catalina.core.ContainerBase.[Tomcat].[localhost].[/]:Initializing Spring embedded WebApplicationContext
""2025-09-15 04:05:25,807 INFO  [main] org.springframework.boot.web.servlet.context.ServletWebServerApplicationContext:Root WebApplicationContext: initialization completed in 2118 ms
""2025-09-15 04:05:26,065 INFO  [main] org.hibernate.jpa.internal.util.LogHelper:HHH000204: Processing PersistenceUnitInfo [name: default]
""2025-09-15 04:05:26,186 INFO  [main] org.hibernate.Version:HHH000412: Hibernate ORM core version 6.6.26.Final
""2025-09-15 04:05:26,253 INFO  [main] org.hibernate.cache.internal.RegionFactoryInitiator:HHH000026: Second-level cache disabled
""2025-09-15 04:05:26,654 INFO  [main] org.springframework.orm.jpa.persistenceunit.SpringPersistenceUnitInfo:No LoadTimeWeaver setup: ignoring JPA class transformer
""2025-09-15 04:05:26,703 INFO  [main] com.zaxxer.hikari.HikariDataSource:HikariPool-1 - Starting...
""2025-09-15 04:05:26,980 INFO  [main] com.zaxxer.hikari.pool.HikariPool:HikariPool-1 - Added connection org.postgresql.jdbc.PgConnection@60816371
""2025-09-15 04:05:26,983 INFO  [main] com.zaxxer.hikari.HikariDataSource:HikariPool-1 - Start completed.
""2025-09-15 04:05:27,068 WARN  [main] org.hibernate.orm.deprecation:HHH90000025: PostgreSQLDialect does not need to be specified explicitly using 'hibernate.dialect' (remove the property setting and it will be selected by default)
""2025-09-15 04:05:27,105 INFO  [main] org.hibernate.orm.connections.pooling:HHH10001005: Database info:
	Database JDBC URL [Connecting through datasource 'HikariDataSource (HikariPool-1)']
	Database driver: undefined/unknown
	Database version: 15.5
	Autocommit mode: undefined/unknown
	Isolation level: undefined/unknown
	Minimum pool size: undefined/unknown
	Maximum pool size: undefined/unknown
""2025-09-15 04:05:28,027 INFO  [main] org.hibernate.engine.transaction.jta.platform.internal.JtaPlatformInitiator:HHH000489: No JTA platform available (set 'hibernate.transaction.jta.platform' to enable JTA platform integration)
""2025-09-15 04:05:28,147 INFO  [main] org.springframework.orm.jpa.LocalContainerEntityManagerFactoryBean:Initialized JPA EntityManagerFactory for persistence unit 'default'
""2025-09-15 04:05:28,732 INFO  [main] org.springframework.security.config.annotation.authentication.configuration.InitializeUserDetailsBeanManagerConfigurer$InitializeUserDetailsManagerConfigurer:Global AuthenticationManager configured with UserDetailsService bean with name customUserDetailsService
""2025-09-15 04:05:28,759 WARN  [main] org.springframework.boot.autoconfigure.orm.jpa.JpaBaseConfiguration$JpaWebConfiguration:spring.jpa.open-in-view is enabled by default. Therefore, database queries may be performed during view rendering. Explicitly configure spring.jpa.open-in-view to disable this warning
""2025-09-15 04:05:29,635 INFO  [main] org.springframework.boot.web.embedded.tomcat.TomcatWebServer:Tomcat started on port 8080 (http) with context path '/'
""2025-09-15 04:05:29,647 INFO  [main] com.example.school_management_backend.SchoolManagementBackendApplication:Started SchoolManagementBackendApplication in 6.623 seconds (process running for 7.145)
""2025-09-15 04:06:22,605 INFO  [SpringApplicationShutdownHook] org.springframework.boot.web.embedded.tomcat.GracefulShutdown:Commencing graceful shutdown. Waiting for active requests to complete
""2025-09-15 04:06:22,625 INFO  [tomcat-shutdown] org.springframework.boot.web.embedded.tomcat.GracefulShutdown:Graceful shutdown complete
""2025-09-15 04:06:22,632 INFO  [SpringApplicationShutdownHook] org.springframework.orm.jpa.LocalContainerEntityManagerFactoryBean:Closing JPA EntityManagerFactory for persistence unit 'default'
""2025-09-15 04:06:22,635 INFO  [SpringApplicationShutdownHook] com.zaxxer.hikari.HikariDataSource:HikariPool-1 - Shutdown initiated...
""2025-09-15 04:06:22,638 INFO  [SpringApplicationShutdownHook] com.zaxxer.hikari.HikariDataSource:HikariPool-1 - Shutdown completed.
"